<?xml version="1.0" encoding="UTF-8"?>
<!-- Generated by org.testng.reporters.JUnitXMLReporter -->
<testsuite hostname="DESKTOP-NJUVG1C" ignored="0" name="CRMTest" tests="10" failures="1" timestamp="29 Jul 2020 07:13:35 GMT" time="665.743" errors="0">
  <testcase name="clickOnNewContact" time="0.228" classname="com.crm.qa.testcase.ContactsPageTest"/>
  <testcase name="clickOnNewContactSave" time="45.122" classname="com.crm.qa.testcase.ContactsPageTest"/>
  <testcase name="clickOnNewContactSave" time="22.24" classname="com.crm.qa.testcase.ContactsPageTest"/>
  <testcase name="verifyContactsPageLabel" time="0.215" classname="com.crm.qa.testcase.ContactsPageTest"/>
  <testcase name="verifyHomeTitleTest" time="0.011" classname="com.crm.qa.testcase.HomePageTest"/>
  <testcase name="loginPageTitleTest" time="0.013" classname="com.crm.qa.testcase.LoginPageTest"/>
  <testcase name="selectContactsLabel" time="61.123" classname="com.crm.qa.testcase.ContactsPageTest">
    <failure type="org.openqa.selenium.NoSuchElementException" message="no such element: Unable to locate element: {&amp;quot;method&amp;quot;:&amp;quot;xpath&amp;quot;,&amp;quot;selector&amp;quot;:&amp;quot;//*[@id=&amp;quot;ui&amp;quot;]/div/div[2]/div[2]/div/div[2]/table/tbody/tr[1]/td[1]/div&amp;quot;}
  (Session info: chrome=85.0.4183.38)
For documentation on this error, please visit: https://www.seleniumhq.org/exceptions/no_such_element.html
Build info: version: &amp;apos;3.141.59&amp;apos;, revision: &amp;apos;e82be7d358&amp;apos;, time: &amp;apos;2018-11-14T08:17:03&amp;apos;
System info: host: &amp;apos;DESKTOP-NJUVG1C&amp;apos;, ip: &amp;apos;192.168.43.162&amp;apos;, os.name: &amp;apos;Windows 10&amp;apos;, os.arch: &amp;apos;amd64&amp;apos;, os.version: &amp;apos;10.0&amp;apos;, java.version: &amp;apos;1.8.0_151&amp;apos;
Driver info: org.openqa.selenium.chrome.ChromeDriver
Capabilities {acceptInsecureCerts: false, browserName: chrome, browserVersion: 85.0.4183.38, chrome: {chromedriverVersion: 84.0.4147.30 (48b3e868b4cc0..., userDataDir: C:\Users\Admin\AppData\Loca...}, goog:chromeOptions: {debuggerAddress: localhost:51158}, javascriptEnabled: true, networkConnectionEnabled: false, pageLoadStrategy: normal, platform: WINDOWS, platformName: WINDOWS, proxy: Proxy(), setWindowRect: true, strictFileInteractability: false, timeouts: {implicit: 0, pageLoad: 300000, script: 30000}, unhandledPromptBehavior: dismiss and notify, webauthn:virtualAuthenticators: true}
Session ID: b9d687660c013e6224eb3408b20c1f07
*** Element info: {Using=xpath, value=//*[@id=&amp;quot;ui&amp;quot;]/div/div[2]/div[2]/div/div[2]/table/tbody/tr[1]/td[1]/div}">
      <![CDATA[org.openqa.selenium.NoSuchElementException: no such element: Unable to locate element: {"method":"xpath","selector":"//*[@id="ui"]/div/div[2]/div[2]/div/div[2]/table/tbody/tr[1]/td[1]/div"}
  (Session info: chrome=85.0.4183.38)
For documentation on this error, please visit: https://www.seleniumhq.org/exceptions/no_such_element.html
Build info: version: '3.141.59', revision: 'e82be7d358', time: '2018-11-14T08:17:03'
System info: host: 'DESKTOP-NJUVG1C', ip: '192.168.43.162', os.name: 'Windows 10', os.arch: 'amd64', os.version: '10.0', java.version: '1.8.0_151'
Driver info: org.openqa.selenium.chrome.ChromeDriver
Capabilities {acceptInsecureCerts: false, browserName: chrome, browserVersion: 85.0.4183.38, chrome: {chromedriverVersion: 84.0.4147.30 (48b3e868b4cc0..., userDataDir: C:\Users\Admin\AppData\Loca...}, goog:chromeOptions: {debuggerAddress: localhost:51158}, javascriptEnabled: true, networkConnectionEnabled: false, pageLoadStrategy: normal, platform: WINDOWS, platformName: WINDOWS, proxy: Proxy(), setWindowRect: true, strictFileInteractability: false, timeouts: {implicit: 0, pageLoad: 300000, script: 30000}, unhandledPromptBehavior: dismiss and notify, webauthn:virtualAuthenticators: true}
Session ID: b9d687660c013e6224eb3408b20c1f07
*** Element info: {Using=xpath, value=//*[@id="ui"]/div/div[2]/div[2]/div/div[2]/table/tbody/tr[1]/td[1]/div}
at org.openqa.selenium.remote.http.W3CHttpResponseCodec.createException(W3CHttpResponseCodec.java:187)
at org.openqa.selenium.remote.http.W3CHttpResponseCodec.decode(W3CHttpResponseCodec.java:122)
at org.openqa.selenium.remote.http.W3CHttpResponseCodec.decode(W3CHttpResponseCodec.java:49)
at org.openqa.selenium.remote.HttpCommandExecutor.execute(HttpCommandExecutor.java:158)
at org.openqa.selenium.remote.service.DriverCommandExecutor.execute(DriverCommandExecutor.java:83)
at org.openqa.selenium.remote.RemoteWebDriver.execute(RemoteWebDriver.java:552)
at org.openqa.selenium.remote.RemoteWebDriver.findElement(RemoteWebDriver.java:323)
at org.openqa.selenium.remote.RemoteWebDriver.findElementByXPath(RemoteWebDriver.java:428)
at org.openqa.selenium.By$ByXPath.findElement(By.java:353)
at org.openqa.selenium.remote.RemoteWebDriver.findElement(RemoteWebDriver.java:315)
at org.openqa.selenium.support.events.EventFiringWebDriver.lambda$new$1(EventFiringWebDriver.java:105)
at com.sun.proxy.$Proxy8.findElement(Unknown Source)
at org.openqa.selenium.support.events.EventFiringWebDriver.findElement(EventFiringWebDriver.java:194)
at com.crm.qa.pages.ContactsPage.clickOnContactsCheckBox(ContactsPage.java:244)
at com.crm.qa.testcase.ContactsPageTest.selectContactsLabel(ContactsPageTest.java:46)
... Removed 32 stack frames]]>
    </failure>
  </testcase> <!-- selectContactsLabel -->
  <testcase name="verifyUserNameTest" time="3.351" classname="com.crm.qa.testcase.HomePageTest"/>
  <testcase name="loginTest" time="0.43" classname="com.crm.qa.testcase.LoginPageTest"/>
  <testcase name="verifyContactLLinkTest" time="2.892" classname="com.crm.qa.testcase.HomePageTest"/>
</testsuite> <!-- CRMTest -->
